#
# A fatal error has been detected by the Java Runtime Environment:
#
#  EXCEPTION_STACK_OVERFLOW (0xc00000fd) at pc=0x0000000071503b57, pid=37472, tid=0x0000000000009238
#
# JRE version: Java(TM) SE Runtime Environment (8.0_121-b13) (build 1.8.0_121-b13)
# Java VM: Java HotSpot(TM) 64-Bit Server VM (25.121-b13 mixed mode windows-amd64 compressed oops)
# Problematic frame:
# V  [jvm.dll+0x213b57]
#
# Failed to write core dump. Minidumps are not enabled by default on client versions of Windows
#
# If you would like to submit a bug report, please visit:
#   http://bugreport.java.com/bugreport/crash.jsp
#

---------------  T H R E A D  ---------------

Current thread (0x000000001be5c000):  JavaThread "DiscoveryClient-InstanceInfoReplicator-0" daemon [_thread_in_vm, id=37432, stack(0x000000001ec00000,0x000000001ed00000)]

siginfo: ExceptionCode=0xc00000fd, ExceptionInformation=0x0000000000000001 0x000000001ecfc890 

Registers:
RAX=0x000000001ecfc890, RBX=0x0000000000000004, RCX=0x0000000000003000, RDX=0x0000000000000006
RSP=0x000000001ecff890, RBP=0x0000000000000000, RSI=0x000000001ecff890, RDI=0x0000000000000004
R8 =0x0000000000000006, R9 =0x000000001a7807f0, R10=0x0000000017a2b8e0, R11=0x000000001ec0a148
R12=0x000000001a7807f0, R13=0x000000001be5c000, R14=0x000000001ecff958, R15=0x0000000017a2b8e0
RIP=0x0000000071503b57, EFLAGS=0x0000000000010206

Top of Stack: (sp=0x000000001ecff890)
0x000000001ecff890:   000072fef8560ccd 0000000070fe4e7e
0x000000001ecff8a0:   000000001be5c000 000000001a7807f0
0x000000001ecff8b0:   00000000ffffffff 0000000071504a87
0x000000001ecff8c0:   000000001ecff9c0 0000000017a2b8e0
0x000000001ecff8d0:   000000001be5c000 00000000713b0923
0x000000001ecff8e0:   000000001ecff920 000000001be5c000
0x000000001ecff8f0:   000000001ecff9b0 000000001be5c000
0x000000001ecff900:   0000000017a2b8e0 000000001be5c000
0x000000001ecff910:   0000000003792f40 000000001be5c000
0x000000001ecff920:   0000000017a2b8e0 000000001be5c000
0x000000001ecff930:   0000000017a2b8e0 000000001be5c000
0x000000001ecff940:   0000000000000001 0000000017a2b8e0
0x000000001ecff950:   000000001be5c000 000000001c6443b0
0x000000001ecff960:   000000001be5c000 00000000713b1e0d
0x000000001ecff970:   000000001ecffc78 00000001000069a0
0x000000001ecff980:   00000001000069a0 0000000000000000 

Instructions: (pc=0x0000000071503b57)
0x0000000071503b37:   48 89 6c 24 30 33 ed 66 90 e8 2b 3b 08 00 ff c3
0x0000000071503b47:   48 63 c8 48 8b c6 48 0f af cf 48 ff c7 48 2b c1
0x0000000071503b57:   89 28 48 63 c3 48 3b 05 75 1b 59 00 7e db 48 8b
0x0000000071503b67:   6c 24 30 48 8b 5c 24 38 48 8b 74 24 40 48 83 c4 


Register to memory mapping:

RAX=0x000000001ecfc890 is pointing into the stack for thread: 0x000000001be5c000
RBX=0x0000000000000004 is an unknown value
RCX=0x0000000000003000 is an unknown value
RDX=0x0000000000000006 is an unknown value
RSP=0x000000001ecff890 is pointing into the stack for thread: 0x000000001be5c000
RBP=0x0000000000000000 is an unknown value
RSI=0x000000001ecff890 is pointing into the stack for thread: 0x000000001be5c000
RDI=0x0000000000000004 is an unknown value
R8 =0x0000000000000006 is an unknown value
R9 =0x000000001a7807f0 is an unknown value
R10={method} {0x0000000017a2b8e8} 'run' '()V' in 'java/lang/Thread'
R11=0x000000001ec0a148 is pointing into the stack for thread: 0x000000001be5c000
R12=0x000000001a7807f0 is an unknown value
R13=0x000000001be5c000 is a thread
R14=0x000000001ecff958 is pointing into the stack for thread: 0x000000001be5c000
R15={method} {0x0000000017a2b8e8} 'run' '()V' in 'java/lang/Thread'


Stack: [0x000000001ec00000,0x000000001ed00000],  sp=0x000000001ecff890,  free space=1022k
Native frames: (J=compiled Java code, j=interpreted, Vv=VM code, C=native code)


---------------  P R O C E S S  ---------------

Java Threads: ( => current thread )
=>0x000000001be5c000 JavaThread "DiscoveryClient-InstanceInfoReplicator-0" daemon [_thread_in_vm, id=37432, stack(0x000000001ec00000,0x000000001ed00000)]
  0x000000001be58800 JavaThread "DiscoveryClient-1" daemon [_thread_blocked, id=22372, stack(0x000000001eb00000,0x000000001ec00000)]
  0x000000001be57000 JavaThread "DiscoveryClient-0" daemon [_thread_blocked, id=3428, stack(0x000000001e900000,0x000000001ea00000)]
  0x000000001be57800 JavaThread "AsyncResolver-bootstrap-0" daemon [_thread_blocked, id=21636, stack(0x000000001e400000,0x000000001e500000)]
  0x000000001be5b800 JavaThread "Eureka-JerseyClient-Conn-Cleaner2" daemon [_thread_blocked, id=24980, stack(0x000000001e300000,0x000000001e400000)]
  0x000000001c175800 JavaThread "spring.cloud.inetutils" daemon [_thread_blocked, id=25060, stack(0x000000001dc00000,0x000000001dd00000)]
  0x000000001c4a2800 JavaThread "container-0" [_thread_blocked, id=18032, stack(0x000000001d900000,0x000000001da00000)]
  0x000000001c49d800 JavaThread "Catalina-utility-1" [_thread_blocked, id=15068, stack(0x000000001d800000,0x000000001d900000)]
  0x000000001a842800 JavaThread "JMX server connection timeout 18" daemon [_thread_blocked, id=30824, stack(0x000000001b530000,0x000000001b630000)]
  0x000000001a81d000 JavaThread "RMI TCP Connection(2)-127.0.0.1" daemon [_thread_in_native, id=18276, stack(0x000000001b330000,0x000000001b430000)]
  0x000000001a81c000 JavaThread "RMI Scheduler(0)" daemon [_thread_blocked, id=18832, stack(0x000000001b230000,0x000000001b330000)]
  0x000000001a807800 JavaThread "RMI TCP Connection(1)-127.0.0.1" daemon [_thread_in_native, id=26008, stack(0x000000001b130000,0x000000001b230000)]
  0x000000001a693000 JavaThread "RMI TCP Accept-0" daemon [_thread_in_native, id=30900, stack(0x000000001abf0000,0x000000001acf0000)]
  0x000000001a684800 JavaThread "RMI TCP Accept-52799" daemon [_thread_in_native, id=10140, stack(0x000000001aaf0000,0x000000001abf0000)]
  0x000000001a679000 JavaThread "RMI TCP Accept-0" daemon [_thread_in_native, id=3880, stack(0x000000001a9f0000,0x000000001aaf0000)]
  0x0000000019d25000 JavaThread "Service Thread" daemon [_thread_blocked, id=38240, stack(0x000000001a0f0000,0x000000001a1f0000)]
  0x00000000183ae800 JavaThread "C1 CompilerThread2" daemon [_thread_blocked, id=21028, stack(0x0000000019bf0000,0x0000000019cf0000)]
  0x00000000183a9800 JavaThread "C2 CompilerThread1" daemon [_thread_blocked, id=27396, stack(0x0000000019af0000,0x0000000019bf0000)]
  0x00000000183a7800 JavaThread "C2 CompilerThread0" daemon [_thread_blocked, id=520, stack(0x00000000199f0000,0x0000000019af0000)]
  0x00000000183a6000 JavaThread "Attach Listener" daemon [_thread_blocked, id=25276, stack(0x00000000198f0000,0x00000000199f0000)]
  0x00000000183a4800 JavaThread "Signal Dispatcher" daemon [_thread_blocked, id=15268, stack(0x00000000197f0000,0x00000000198f0000)]
  0x000000001838c800 JavaThread "Finalizer" daemon [_thread_blocked, id=38192, stack(0x0000000019600000,0x0000000019700000)]
  0x0000000003776000 JavaThread "Reference Handler" daemon [_thread_blocked, id=5340, stack(0x0000000019500000,0x0000000019600000)]
  0x0000000003688000 JavaThread "main" [_thread_blocked, id=30216, stack(0x0000000003580000,0x0000000003680000)]

Other Threads:
  0x0000000018367800 VMThread [stack: 0x0000000019400000,0x0000000019500000] [id=34060]
  0x000000001a695000 WatcherThread [stack: 0x000000001acf0000,0x000000001adf0000] [id=24420]

VM state:synchronizing (normal execution)

VM Mutex/Monitor currently owned by a thread:  ([mutex/lock_event])
[0x0000000003685a40] Threads_lock - owner thread: 0x0000000018367800
[0x0000000003685840] Heap_lock - owner thread: 0x0000000003688000

Heap:
 PSYoungGen      total 218112K, used 116853K [0x00000000d5580000, 0x00000000e4380000, 0x0000000100000000)
  eden space 200704K, 58% used [0x00000000d5580000,0x00000000dc79d6f0,0x00000000e1980000)
  from space 17408K, 0% used [0x00000000e2b00000,0x00000000e2b00000,0x00000000e3c00000)
  to   space 17920K, 0% used [0x00000000e1980000,0x00000000e1980000,0x00000000e2b00000)
 ParOldGen       total 78336K, used 19972K [0x0000000080000000, 0x0000000084c80000, 0x00000000d5580000)
  object space 78336K, 25% used [0x0000000080000000,0x00000000813811e8,0x0000000084c80000)
 Metaspace       used 41449K, capacity 43260K, committed 43480K, reserved 1089536K
  class space    used 5715K, capacity 6054K, committed 6144K, reserved 1048576K

Card table byte_map: [0x0000000012b40000,0x0000000012f50000] byte_map_base: 0x0000000012740000

Marking Bits: (ParMarkBitMap*) 0x0000000071b0b6d0
 Begin Bits: [0x0000000013600000, 0x0000000015600000)
 End Bits:   [0x0000000015600000, 0x0000000017600000)

Polling page: 0x00000000034b0000

CodeCache: size=245760Kb used=8552Kb max_used=8552Kb free=237207Kb
 bounds [0x0000000003780000, 0x0000000003fe0000, 0x0000000012780000]
 total_blobs=4655 nmethods=4173 adapters=395
 compilation: enabled

Compilation events (10 events):
Event: 7.237 Thread 0x00000000183ae800 4136       1       java.util.Calendar::complete (40 bytes)
Event: 7.238 Thread 0x00000000183ae800 nmethod 4136 0x0000000003fcacd0 code [0x0000000003fcae40, 0x0000000003fcafd8]
Event: 7.238 Thread 0x00000000183ae800 4142       1       java.util.Date::<init> (8 bytes)
Event: 7.238 Thread 0x00000000183ae800 nmethod 4142 0x0000000003fcb090 code [0x0000000003fcb1e0, 0x0000000003fcb2f0]
Event: 7.238 Thread 0x00000000183ae800 4137       1       java.util.Calendar::isFieldSet (14 bytes)
Event: 7.238 Thread 0x00000000183ae800 nmethod 4137 0x0000000003fcb350 code [0x0000000003fcb4a0, 0x0000000003fcb5b0]
Event: 7.239 Thread 0x00000000183ae800 4143       1       sun.util.locale.BaseLocale::equals (71 bytes)
Event: 7.240 Thread 0x00000000183ae800 nmethod 4143 0x0000000003fcb610 code [0x0000000003fcb760, 0x0000000003fcb970]
Event: 7.241 Thread 0x00000000183ae800 4144       1       java.text.DontCareFieldPosition$1::formatted (1 bytes)
Event: 7.241 Thread 0x00000000183ae800 nmethod 4144 0x0000000003fcba10 code [0x0000000003fcbb60, 0x0000000003fcbc70]

GC Heap History (10 events):
Event: 3.252 GC heap before
{Heap before GC invocations=6 (full 1):
 PSYoungGen      total 71680K, used 66560K [0x00000000d5580000, 0x00000000da080000, 0x0000000100000000)
  eden space 66560K, 100% used [0x00000000d5580000,0x00000000d9680000,0x00000000d9680000)
  from space 5120K, 0% used [0x00000000d9b80000,0x00000000d9b80000,0x00000000da080000)
  to   space 5120K, 0% used [0x00000000d9680000,0x00000000d9680000,0x00000000d9b80000)
 ParOldGen       total 49664K, used 6453K [0x0000000080000000, 0x0000000083080000, 0x00000000d5580000)
  object space 49664K, 12% used [0x0000000080000000,0x000000008064d758,0x0000000083080000)
 Metaspace       used 23756K, capacity 24688K, committed 24832K, reserved 1071104K
  class space    used 3274K, capacity 3511K, committed 3584K, reserved 1048576K
Event: 3.263 GC heap after
Heap after GC invocations=6 (full 1):
 PSYoungGen      total 71680K, used 5098K [0x00000000d5580000, 0x00000000dda80000, 0x0000000100000000)
  eden space 66560K, 0% used [0x00000000d5580000,0x00000000d5580000,0x00000000d9680000)
  from space 5120K, 99% used [0x00000000d9680000,0x00000000d9b7a918,0x00000000d9b80000)
  to   space 8704K, 0% used [0x00000000dd200000,0x00000000dd200000,0x00000000dda80000)
 ParOldGen       total 49664K, used 7816K [0x0000000080000000, 0x0000000083080000, 0x00000000d5580000)
  object space 49664K, 15% used [0x0000000080000000,0x00000000807a2048,0x0000000083080000)
 Metaspace       used 23756K, capacity 24688K, committed 24832K, reserved 1071104K
  class space    used 3274K, capacity 3511K, committed 3584K, reserved 1048576K
}
Event: 4.146 GC heap before
{Heap before GC invocations=7 (full 1):
 PSYoungGen      total 71680K, used 71658K [0x00000000d5580000, 0x00000000dda80000, 0x0000000100000000)
  eden space 66560K, 100% used [0x00000000d5580000,0x00000000d9680000,0x00000000d9680000)
  from space 5120K, 99% used [0x00000000d9680000,0x00000000d9b7a918,0x00000000d9b80000)
  to   space 8704K, 0% used [0x00000000dd200000,0x00000000dd200000,0x00000000dda80000)
 ParOldGen       total 49664K, used 7816K [0x0000000080000000, 0x0000000083080000, 0x00000000d5580000)
  object space 49664K, 15% used [0x0000000080000000,0x00000000807a2048,0x0000000083080000)
 Metaspace       used 28249K, capacity 29598K, committed 29824K, reserved 1075200K
  class space    used 3919K, capacity 4214K, committed 4224K, reserved 1048576K
Event: 4.167 GC heap after
Heap after GC invocations=7 (full 1):
 PSYoungGen      total 124416K, used 8696K [0x00000000d5580000, 0x00000000ddf00000, 0x0000000100000000)
  eden space 115712K, 0% used [0x00000000d5580000,0x00000000d5580000,0x00000000dc680000)
  from space 8704K, 99% used [0x00000000dd200000,0x00000000dda7e020,0x00000000dda80000)
  to   space 11776K, 0% used [0x00000000dc680000,0x00000000dc680000,0x00000000dd200000)
 ParOldGen       total 49664K, used 12063K [0x0000000080000000, 0x0000000083080000, 0x00000000d5580000)
  object space 49664K, 24% used [0x0000000080000000,0x0000000080bc7e70,0x0000000083080000)
 Metaspace       used 28249K, capacity 29598K, committed 29824K, reserved 1075200K
  class space    used 3919K, capacity 4214K, committed 4224K, reserved 1048576K
}
Event: 5.402 GC heap before
{Heap before GC invocations=8 (full 1):
 PSYoungGen      total 124416K, used 124408K [0x00000000d5580000, 0x00000000ddf00000, 0x0000000100000000)
  eden space 115712K, 100% used [0x00000000d5580000,0x00000000dc680000,0x00000000dc680000)
  from space 8704K, 99% used [0x00000000dd200000,0x00000000dda7e020,0x00000000dda80000)
  to   space 11776K, 0% used [0x00000000dc680000,0x00000000dc680000,0x00000000dd200000)
 ParOldGen       total 49664K, used 12063K [0x0000000080000000, 0x0000000083080000, 0x00000000d5580000)
  object space 49664K, 24% used [0x0000000080000000,0x0000000080bc7e70,0x0000000083080000)
 Metaspace       used 32780K, capacity 34360K, committed 34560K, reserved 1079296K
  class space    used 4480K, capacity 4775K, committed 4864K, reserved 1048576K
Event: 5.435 GC heap after
Heap after GC invocations=8 (full 1):
 PSYoungGen      total 127488K, used 11764K [0x00000000d5580000, 0x00000000e3c00000, 0x0000000100000000)
  eden space 115712K, 0% used [0x00000000d5580000,0x00000000d5580000,0x00000000dc680000)
  from space 11776K, 99% used [0x00000000dc680000,0x00000000dd1fd390,0x00000000dd200000)
  to   space 17408K, 0% used [0x00000000e2b00000,0x00000000e2b00000,0x00000000e3c00000)
 ParOldGen       total 49664K, used 20100K [0x0000000080000000, 0x0000000083080000, 0x00000000d5580000)
  object space 49664K, 40% used [0x0000000080000000,0x00000000813a11b0,0x0000000083080000)
 Metaspace       used 32780K, capacity 34360K, committed 34560K, reserved 1079296K
  class space    used 4480K, capacity 4775K, committed 4864K, reserved 1048576K
}
Event: 5.638 GC heap before
{Heap before GC invocations=9 (full 1):
 PSYoungGen      total 127488K, used 32723K [0x00000000d5580000, 0x00000000e3c00000, 0x0000000100000000)
  eden space 115712K, 18% used [0x00000000d5580000,0x00000000d69f7910,0x00000000dc680000)
  from space 11776K, 99% used [0x00000000dc680000,0x00000000dd1fd390,0x00000000dd200000)
  to   space 17408K, 0% used [0x00000000e2b00000,0x00000000e2b00000,0x00000000e3c00000)
 ParOldGen       total 49664K, used 20100K [0x0000000080000000, 0x0000000083080000, 0x00000000d5580000)
  object space 49664K, 40% used [0x0000000080000000,0x00000000813a11b0,0x0000000083080000)
 Metaspace       used 33669K, capacity 35302K, committed 35416K, reserved 1079296K
  class space    used 4616K, capacity 4932K, committed 4992K, reserved 1048576K
Event: 5.660 GC heap after
Heap after GC invocations=9 (full 1):
 PSYoungGen      total 218112K, used 13054K [0x00000000d5580000, 0x00000000e4380000, 0x0000000100000000)
  eden space 200704K, 0% used [0x00000000d5580000,0x00000000d5580000,0x00000000e1980000)
  from space 17408K, 74% used [0x00000000e2b00000,0x00000000e37bf880,0x00000000e3c00000)
  to   space 17920K, 0% used [0x00000000e1980000,0x00000000e1980000,0x00000000e2b00000)
 ParOldGen       total 49664K, used 20108K [0x0000000080000000, 0x0000000083080000, 0x00000000d5580000)
  object space 49664K, 40% used [0x0000000080000000,0x00000000813a31b0,0x0000000083080000)
 Metaspace       used 33669K, capacity 35302K, committed 35416K, reserved 1079296K
  class space    used 4616K, capacity 4932K, committed 4992K, reserved 1048576K
}
Event: 5.660 GC heap before
{Heap before GC invocations=10 (full 2):
 PSYoungGen      total 218112K, used 13054K [0x00000000d5580000, 0x00000000e4380000, 0x0000000100000000)
  eden space 200704K, 0% used [0x00000000d5580000,0x00000000d5580000,0x00000000e1980000)
  from space 17408K, 74% used [0x00000000e2b00000,0x00000000e37bf880,0x00000000e3c00000)
  to   space 17920K, 0% used [0x00000000e1980000,0x00000000e1980000,0x00000000e2b00000)
 ParOldGen       total 49664K, used 20108K [0x0000000080000000, 0x0000000083080000, 0x00000000d5580000)
  object space 49664K, 40% used [0x0000000080000000,0x00000000813a31b0,0x0000000083080000)
 Metaspace       used 33669K, capacity 35302K, committed 35416K, reserved 1079296K
  class space    used 4616K, capacity 4932K, committed 4992K, reserved 1048576K
Event: 5.752 GC heap after
Heap after GC invocations=10 (full 2):
 PSYoungGen      total 218112K, used 0K [0x00000000d5580000, 0x00000000e4380000, 0x0000000100000000)
  eden space 200704K, 0% used [0x00000000d5580000,0x00000000d5580000,0x00000000e1980000)
  from space 17408K, 0% used [0x00000000e2b00000,0x00000000e2b00000,0x00000000e3c00000)
  to   space 17920K, 0% used [0x00000000e1980000,0x00000000e1980000,0x00000000e2b00000)
 ParOldGen       total 78336K, used 19972K [0x0000000080000000, 0x0000000084c80000, 0x00000000d5580000)
  object space 78336K, 25% used [0x0000000080000000,0x00000000813811e8,0x0000000084c80000)
 Metaspace       used 33669K, capacity 35302K, committed 35416K, reserved 1079296K
  class space    used 4616K, capacity 4932K, committed 4992K, reserved 1048576K
}

Deoptimization events (0 events):
No events

Internal exceptions (10 events):
Event: 6.881 Thread 0x0000000003688000 Exception <a 'java/lang/ArrayIndexOutOfBoundsException'> (0x00000000dacd5030) thrown at [C:\re\workspace\8-2-build-windows-amd64-cygwin\jdk8u121\8372\hotspot\src\share\vm\runtime\sharedRuntime.cpp, line 605]
Event: 6.881 Thread 0x0000000003688000 Exception <a 'java/lang/ArrayIndexOutOfBoundsException'> (0x00000000dacd6e68) thrown at [C:\re\workspace\8-2-build-windows-amd64-cygwin\jdk8u121\8372\hotspot\src\share\vm\runtime\sharedRuntime.cpp, line 605]
Event: 6.881 Thread 0x0000000003688000 Exception <a 'java/lang/ArrayIndexOutOfBoundsException'> (0x00000000dacddf68) thrown at [C:\re\workspace\8-2-build-windows-amd64-cygwin\jdk8u121\8372\hotspot\src\share\vm\runtime\sharedRuntime.cpp, line 605]
Event: 6.881 Thread 0x0000000003688000 Exception <a 'java/lang/ArrayIndexOutOfBoundsException'> (0x00000000dace0ee8) thrown at [C:\re\workspace\8-2-build-windows-amd64-cygwin\jdk8u121\8372\hotspot\src\share\vm\runtime\sharedRuntime.cpp, line 605]
Event: 6.881 Thread 0x0000000003688000 Exception <a 'java/lang/ArrayIndexOutOfBoundsException'> (0x00000000dacf65d8) thrown at [C:\re\workspace\8-2-build-windows-amd64-cygwin\jdk8u121\8372\hotspot\src\share\vm\runtime\sharedRuntime.cpp, line 605]
Event: 6.881 Thread 0x0000000003688000 Exception <a 'java/lang/ArrayIndexOutOfBoundsException'> (0x00000000dacf96b0) thrown at [C:\re\workspace\8-2-build-windows-amd64-cygwin\jdk8u121\8372\hotspot\src\share\vm\runtime\sharedRuntime.cpp, line 605]
Event: 7.197 Thread 0x0000000003688000 Exception <a 'java/lang/ArrayIndexOutOfBoundsException'> (0x00000000dc2c8530) thrown at [C:\re\workspace\8-2-build-windows-amd64-cygwin\jdk8u121\8372\hotspot\src\share\vm\runtime\sharedRuntime.cpp, line 605]
Event: 7.225 Thread 0x0000000003688000 Exception <a 'java/lang/OutOfMemoryError'> (0x00000000dc4e8470) thrown at [C:\re\workspace\8-2-build-windows-amd64-cygwin\jdk8u121\8372\hotspot\src\share\vm\prims\jni.cpp, line 735]
Event: 7.225 Thread 0x0000000003688000 Exception <a 'java/lang/OutOfMemoryError'> (0x00000000dc4e8470) thrown at [C:\re\workspace\8-2-build-windows-amd64-cygwin\jdk8u121\8372\hotspot\src\share\vm\prims\jvm.cpp, line 1394]
Event: 7.225 Thread 0x0000000003688000 Exception <a 'java/lang/OutOfMemoryError'> (0x00000000dc4e8470) thrown at [C:\re\workspace\8-2-build-windows-amd64-cygwin\jdk8u121\8372\hotspot\src\share\vm\prims\jvm.cpp, line 1394]

Events (10 events):
Event: 7.241 loading class com/netflix/discovery/util/RateLimiter$1 done
Event: 7.241 loading class com/netflix/discovery/DiscoveryClient$3
Event: 7.241 loading class com/netflix/discovery/DiscoveryClient$3 done
Event: 7.242 Thread 0x000000001be5c000 Thread added: 0x000000001be5c000
Event: 7.242 loading class com/netflix/discovery/EurekaEvent
Event: 7.242 loading class com/netflix/discovery/EurekaEvent done
Event: 7.243 loading class com/netflix/discovery/endpoint/EndpointUtils$DiscoveryUrlType
Event: 7.243 loading class com/netflix/discovery/endpoint/EndpointUtils$DiscoveryUrlType done
Event: 7.243 loading class javax/annotation/Nullable
Event: 7.243 loading class javax/annotation/Nullable done


Dynamic libraries:
0x00007ff70dc50000 - 0x00007ff70dc87000 	C:\Program Files\Java\jre1.8.0_121\bin\javaw.exe
0x00007ff89b500000 - 0x00007ff89b6e1000 	C:\WINDOWS\SYSTEM32\ntdll.dll
0x00007ff899100000 - 0x00007ff8991b2000 	C:\WINDOWS\System32\KERNEL32.DLL
0x00007ff8983f0000 - 0x00007ff898663000 	C:\WINDOWS\System32\KERNELBASE.dll
0x00007ff8991c0000 - 0x00007ff899261000 	C:\WINDOWS\System32\ADVAPI32.dll
0x00007ff899e50000 - 0x00007ff899eee000 	C:\WINDOWS\System32\msvcrt.dll
0x00007ff899750000 - 0x00007ff8997ab000 	C:\WINDOWS\System32\sechost.dll
0x00007ff898dc0000 - 0x00007ff898ee4000 	C:\WINDOWS\System32\RPCRT4.dll
0x00007ff898bb0000 - 0x00007ff898d40000 	C:\WINDOWS\System32\USER32.dll
0x00007ff898970000 - 0x00007ff898990000 	C:\WINDOWS\System32\win32u.dll
0x00007ff899cf0000 - 0x00007ff899d18000 	C:\WINDOWS\System32\GDI32.dll
0x00007ff898060000 - 0x00007ff8981f2000 	C:\WINDOWS\System32\gdi32full.dll
0x00007ff898200000 - 0x00007ff89829f000 	C:\WINDOWS\System32\msvcp_win.dll
0x00007ff8982f0000 - 0x00007ff8983ea000 	C:\WINDOWS\System32\ucrtbase.dll
0x00007ff895a50000 - 0x00007ff895cb9000 	C:\WINDOWS\WinSxS\amd64_microsoft.windows.common-controls_6595b64144ccf1df_6.0.17134.228_none_fb4599993062b194\COMCTL32.dll
0x00007ff8997b0000 - 0x00007ff899ad3000 	C:\WINDOWS\System32\combase.dll
0x00007ff897fe0000 - 0x00007ff89805a000 	C:\WINDOWS\System32\bcryptPrimitives.dll
0x00007ff899720000 - 0x00007ff89974d000 	C:\WINDOWS\System32\IMM32.DLL
0x00007ff8976b0000 - 0x00007ff89770d000 	C:\Program Files\Citrix\System32\MfApHook64.dll
0x00007ff896fe0000 - 0x00007ff89700b000 	C:\Program Files\Citrix\ICAService\CtxDodHook64.dll
0x00007ff8975d0000 - 0x00007ff897602000 	C:\Program Files\Citrix\ICAService\picaFullScreenHookX64.dll
0x00007ff896f90000 - 0x00007ff896fde000 	C:\Program Files\Citrix\ICAService\ShellHook64.dll
0x00007ff899fa0000 - 0x00007ff89b3e0000 	C:\WINDOWS\System32\SHELL32.dll
0x00007ff8982a0000 - 0x00007ff8982e9000 	C:\WINDOWS\System32\cfgmgr32.dll
0x00007ff899ef0000 - 0x00007ff899f99000 	C:\WINDOWS\System32\shcore.dll
0x00007ff8978d0000 - 0x00007ff897fdd000 	C:\WINDOWS\System32\windows.storage.dll
0x00007ff899d20000 - 0x00007ff899d71000 	C:\WINDOWS\System32\shlwapi.dll
0x00007ff8978b0000 - 0x00007ff8978c1000 	C:\WINDOWS\System32\kernel.appcore.dll
0x00007ff897890000 - 0x00007ff8978af000 	C:\WINDOWS\System32\profapi.dll
0x00007ff897820000 - 0x00007ff89786c000 	C:\WINDOWS\System32\powrprof.dll
0x00007ff897810000 - 0x00007ff89781a000 	C:\WINDOWS\System32\FLTLIB.DLL
0x00007ff896e10000 - 0x00007ff896f8c000 	C:\Program Files\Citrix\ICAService\SCardHook64.dll
0x00007ff896d70000 - 0x00007ff896d9a000 	C:\Program Files\Citrix\ICAService\cxinjime64.dll
0x00007ff896c60000 - 0x00007ff896ca8000 	C:\Program Files\Citrix\ICAService\PicaWtsHook64.dll
0x0000000070f90000 - 0x0000000071062000 	C:\Program Files\Java\jre1.8.0_121\bin\msvcr100.dll
0x00000000712f0000 - 0x0000000071b8b000 	C:\Program Files\Java\jre1.8.0_121\bin\server\jvm.dll
0x00007ff899ce0000 - 0x00007ff899ce8000 	C:\WINDOWS\System32\PSAPI.DLL
0x00007ff891cf0000 - 0x00007ff891d13000 	C:\WINDOWS\SYSTEM32\WINMM.dll
0x00007ff885520000 - 0x00007ff885529000 	C:\WINDOWS\SYSTEM32\WSOCK32.dll
0x00007ff898d40000 - 0x00007ff898dac000 	C:\WINDOWS\System32\WS2_32.dll
0x00007ff891c30000 - 0x00007ff891c5a000 	C:\WINDOWS\SYSTEM32\WINMMBASE.dll
0x00007ff8974c0000 - 0x00007ff8974ca000 	C:\WINDOWS\SYSTEM32\VERSION.dll
0x00000000723c0000 - 0x00000000723cf000 	C:\Program Files\Java\jre1.8.0_121\bin\verify.dll
0x0000000072390000 - 0x00000000723b9000 	C:\Program Files\Java\jre1.8.0_121\bin\java.dll
0x0000000072370000 - 0x0000000072386000 	C:\Program Files\Java\jre1.8.0_121\bin\zip.dll
0x00000000722e0000 - 0x00000000722ed000 	C:\Program Files\Java\jre1.8.0_121\bin\management.dll
0x0000000072350000 - 0x000000007236a000 	C:\Program Files\Java\jre1.8.0_121\bin\net.dll
0x00007ff896550000 - 0x00007ff8965b6000 	C:\WINDOWS\system32\mswsock.dll
0x0000000072330000 - 0x0000000072341000 	C:\Program Files\Java\jre1.8.0_121\bin\nio.dll
0x00007ff88b0f0000 - 0x00007ff88b106000 	C:\WINDOWS\system32\napinsp.dll
0x00007ff88b110000 - 0x00007ff88b12a000 	C:\WINDOWS\system32\pnrpnsp.dll
0x00007ff893120000 - 0x00007ff893139000 	C:\WINDOWS\system32\NLAapi.dll
0x00007ff896320000 - 0x00007ff8963de000 	C:\WINDOWS\SYSTEM32\DNSAPI.dll
0x00007ff8990f0000 - 0x00007ff8990f8000 	C:\WINDOWS\System32\NSI.dll
0x00007ff8962e0000 - 0x00007ff896318000 	C:\WINDOWS\SYSTEM32\IPHLPAPI.DLL
0x00007ff88b130000 - 0x00007ff88b13e000 	C:\WINDOWS\System32\winrnr.dll
0x00007ff88e550000 - 0x00007ff88e55a000 	C:\Windows\System32\rasadhlp.dll
0x00007ff8909d0000 - 0x00007ff890a42000 	C:\WINDOWS\System32\fwpuclnt.dll
0x00007ff897080000 - 0x00007ff8970a5000 	C:\WINDOWS\SYSTEM32\bcrypt.dll
0x00007ff896700000 - 0x00007ff896717000 	C:\WINDOWS\SYSTEM32\CRYPTSP.dll
0x00007ff8960e0000 - 0x00007ff896113000 	C:\WINDOWS\system32\rsaenh.dll
0x00007ff897710000 - 0x00007ff897738000 	C:\WINDOWS\SYSTEM32\USERENV.dll
0x00007ff896720000 - 0x00007ff89672b000 	C:\WINDOWS\SYSTEM32\CRYPTBASE.dll
0x00007ff8905b0000 - 0x00007ff8905c6000 	C:\WINDOWS\SYSTEM32\dhcpcsvc6.DLL
0x00007ff890530000 - 0x00007ff89054a000 	C:\WINDOWS\SYSTEM32\dhcpcsvc.DLL
0x0000000072300000 - 0x0000000072324000 	C:\Program Files\Java\jre1.8.0_121\bin\sunec.dll

VM Arguments:
jvm_args: -Dcom.sun.management.jmxremote -Dcom.sun.management.jmxremote.port=52799 -Dcom.sun.management.jmxremote.authenticate=false -Dcom.sun.management.jmxremote.ssl=false -Djava.rmi.server.hostname=localhost -Dspring.liveBeansView.mbeanDomain -Dspring.application.admin.enabled=true -Xverify:none -XX:TieredStopAtLevel=1 -Dfile.encoding=UTF-8 
java_command: com.capgemini.web.WebsiteApplication --spring.output.ansi.enabled=always
java_class_path (initial): C:\Ujwala_Gawari\cloudComputing\MMBankEurekaCentralizedConfiguration\website\target\classes;C:\Users\ugawari\.m2\repository\org\springframework\boot\spring-boot-starter-web\2.1.2.RELEASE\spring-boot-starter-web-2.1.2.RELEASE.jar;C:\Users\ugawari\.m2\repository\org\springframework\boot\spring-boot-starter\2.1.2.RELEASE\spring-boot-starter-2.1.2.RELEASE.jar;C:\Users\ugawari\.m2\repository\org\springframework\boot\spring-boot\2.1.2.RELEASE\spring-boot-2.1.2.RELEASE.jar;C:\Users\ugawari\.m2\repository\org\springframework\boot\spring-boot-autoconfigure\2.1.2.RELEASE\spring-boot-autoconfigure-2.1.2.RELEASE.jar;C:\Users\ugawari\.m2\repository\org\springframework\boot\spring-boot-starter-logging\2.1.2.RELEASE\spring-boot-starter-logging-2.1.2.RELEASE.jar;C:\Users\ugawari\.m2\repository\ch\qos\logback\logback-classic\1.2.3\logback-classic-1.2.3.jar;C:\Users\ugawari\.m2\repository\ch\qos\logback\logback-core\1.2.3\logback-core-1.2.3.jar;C:\Users\ugawari\.m2\repository\org\apache\logging\log4j\log4j-to-slf4j\2.11.1\log4j-to-slf4j-2.11.1.jar;C:\Users\ugawari\.m2\repository\org\apache\logging\log4j\log4j-api\2.11.1\log4j-api-2.11.1.jar;C:\Users\ugawari\.m2\repository\org\slf4j\jul-to-slf4j\1.7.25\jul-to-slf4j-1.7.25.jar;C:\Users\ugawari\.m2\repository\javax\annotation\javax.annotation-api\1.3.2\javax.annotation-api-1.3.2.jar;C:\Users\ugawari\.m2\repository\org\yaml\snakeyaml\1.23\snakeyaml-1.23.jar;C:\Users\ugawari\.m2\repository\org\springframework\boot\spring-boot-starter-json\2.1.2.RELEASE\spring-boot-starter-json-2.1.2.RELEASE.jar;C:\Users\ugawari\.m2\repository\com\fasterxml\jackson\core\jackson-databind\2.9.8\jackson-databind-2.9.8.jar;C:\Users\ugawari\.m2\repository\com\fasterxml\jackson\datatype\jackson-datatype-jdk8\2.9.8\jackson-datatype-jdk8-2.9.8.jar;C:\Users\ugawari\.m2\repository\com\fasterxml\jackson\datatype\jackson-datatype-jsr310\2.9.8\jackson-datatype-jsr310-2.9.8.jar;C:\Users\ugawari\.m2\repository\com\fasterxml\jackson\module\jac
Launcher Type: SUN_STANDARD

Environment Variables:
PATH=C:/Program Files/Java/jre1.8.0_121/bin/server;C:/Program Files/Java/jre1.8.0_121/bin;C:/Program Files/Java/jre1.8.0_121/lib/amd64;C:\Python34\;C:\Python34\Scripts;C:\oraclexe\app\oracle\product\11.2.0\server\bin;C:\ProgramData\Oracle\Java\javapath;C:\WINDOWS\system32;C:\WINDOWS;C:\WINDOWS\System32\Wbem;C:\WINDOWS\System32\WindowsPowerShell\v1.0\;C:\Program Files\TortoiseSVN\bin;C:\Program Files\nodejs\;C:\Program Files\Git\cmd;C:\Program Files (x86)\Microsoft SQL Server\110\Tools\Binn\ManagementStudio\;C:\Program Files (x86)\Microsoft SQL Server\110\Tools\Binn\;C:\Program Files (x86)\Microsoft SQL Server\110\DTS\Binn\;C:\Program Files\Citrix\System32\;C:\Program Files\Citrix\ICAService\;C:\WINDOWS\System32\OpenSSH\;C:\Users\ugawari\AppData\Local\Microsoft\WindowsApps;;C:\SOFTWARES\sts-bundle\sts-3.9.7.RELEASE;
USERNAME=ugawari
OS=Windows_NT
PROCESSOR_IDENTIFIER=Intel64 Family 15 Model 6 Stepping 1, GenuineIntel



---------------  S Y S T E M  ---------------

OS: Windows 10.0 , 64 bit Build 17134 (10.0.17134.1)

CPU:total 4 (2 cores per cpu, 1 threads per core) family 15 model 6 stepping 1, cmov, cx8, fxsr, mmx, sse, sse2, sse3, ssse3, sse4.1, sse4.2, popcnt, avx, avx2, aes, clmul, erms, rtm, 3dnowpref, lzcnt, tsc, bmi1, bmi2, adx

Memory: 4k page, physical 8388056k(418940k free), swap 18697820k(64k free)

vm_info: Java HotSpot(TM) 64-Bit Server VM (25.121-b13) for windows-amd64 JRE (1.8.0_121-b13), built on Dec 12 2016 18:21:36 by "java_re" with MS VC++ 10.0 (VS2010)

time: Wed Jan 23 17:14:02 2019
elapsed time: 7 seconds (0d 0h 0m 7s)

